This is pdfTeX, Version 3.141592653-2.6-1.40.26 (TeX Live 2024/Arch Linux) (preloaded format=pdflatex 2024.9.18)  2 OCT 2024 01:26
entering extended mode
 restricted \write18 enabled.
 %&-line parsing enabled.
**Lab3.tex
(./Lab3.tex
LaTeX2e <2023-11-01> patch level 1
L3 programming layer <2024-02-20>
(/usr/share/texmf-dist/tex/latex/base/article.cls
Document Class: article 2023/05/17 v1.4n Standard LaTeX document class
(/usr/share/texmf-dist/tex/latex/base/size10.clo
File: size10.clo 2023/05/17 v1.4n Standard LaTeX file (size option)
)
\c@part=\count188
\c@section=\count189
\c@subsection=\count190
\c@subsubsection=\count191
\c@paragraph=\count192
\c@subparagraph=\count193
\c@figure=\count194
\c@table=\count195
\abovecaptionskip=\skip48
\belowcaptionskip=\skip49
\bibindent=\dimen140
)
(/usr/share/texmf-dist/tex/latex/graphics/graphicx.sty
Package: graphicx 2021/09/16 v1.2d Enhanced LaTeX Graphics (DPC,SPQR)

(/usr/share/texmf-dist/tex/latex/graphics/keyval.sty
Package: keyval 2022/05/29 v1.15 key=value parser (DPC)
\KV@toks@=\toks17
)
(/usr/share/texmf-dist/tex/latex/graphics/graphics.sty
Package: graphics 2022/03/10 v1.4e Standard LaTeX Graphics (DPC,SPQR)

(/usr/share/texmf-dist/tex/latex/graphics/trig.sty
Package: trig 2021/08/11 v1.11 sin cos tan (DPC)
)
(/usr/share/texmf-dist/tex/latex/graphics-cfg/graphics.cfg
File: graphics.cfg 2016/06/04 v1.11 sample graphics configuration
)
Package graphics Info: Driver file: pdftex.def on input line 107.

(/usr/share/texmf-dist/tex/latex/graphics-def/pdftex.def
File: pdftex.def 2022/09/22 v1.2b Graphics/color driver for pdftex
))
\Gin@req@height=\dimen141
\Gin@req@width=\dimen142
)
(/usr/share/texmf-dist/tex/latex/listings/listings.sty
\lst@mode=\count196
\lst@gtempboxa=\box51
\lst@token=\toks18
\lst@length=\count197
\lst@currlwidth=\dimen143
\lst@column=\count198
\lst@pos=\count199
\lst@lostspace=\dimen144
\lst@width=\dimen145
\lst@newlines=\count266
\lst@lineno=\count267
\lst@maxwidth=\dimen146

(/usr/share/texmf-dist/tex/latex/listings/lstpatch.sty
File: lstpatch.sty 2024/02/21 1.10 (Carsten Heinz)
)
(/usr/share/texmf-dist/tex/latex/listings/lstmisc.sty
File: lstmisc.sty 2024/02/21 1.10 (Carsten Heinz)
\c@lstnumber=\count268
\lst@skipnumbers=\count269
\lst@framebox=\box52
)
(/usr/share/texmf-dist/tex/latex/listings/listings.cfg
File: listings.cfg 2024/02/21 1.10 listings configuration
))
Package: listings 2024/02/21 1.10 (Carsten Heinz)

(/usr/share/texmf-dist/tex/latex/geometry/geometry.sty
Package: geometry 2020/01/02 v5.9 Page Geometry

(/usr/share/texmf-dist/tex/generic/iftex/ifvtex.sty
Package: ifvtex 2019/10/25 v1.7 ifvtex legacy package. Use iftex instead.

(/usr/share/texmf-dist/tex/generic/iftex/iftex.sty
Package: iftex 2022/02/03 v1.0f TeX engine tests
))
\Gm@cnth=\count270
\Gm@cntv=\count271
\c@Gm@tempcnt=\count272
\Gm@bindingoffset=\dimen147
\Gm@wd@mp=\dimen148
\Gm@odd@mp=\dimen149
\Gm@even@mp=\dimen150
\Gm@layoutwidth=\dimen151
\Gm@layoutheight=\dimen152
\Gm@layouthoffset=\dimen153
\Gm@layoutvoffset=\dimen154
\Gm@dimlist=\toks19
)
(/usr/share/texmf-dist/tex/latex/l3backend/l3backend-pdftex.def
File: l3backend-pdftex.def 2024-02-20 L3 backend support: PDF output (pdfTeX)
\l__color_backend_stack_int=\count273
\l__pdf_internal_box=\box53
) (./Lab3.aux)
\openout1 = `Lab3.aux'.

LaTeX Font Info:    Checking defaults for OML/cmm/m/it on input line 11.
LaTeX Font Info:    ... okay on input line 11.
LaTeX Font Info:    Checking defaults for OMS/cmsy/m/n on input line 11.
LaTeX Font Info:    ... okay on input line 11.
LaTeX Font Info:    Checking defaults for OT1/cmr/m/n on input line 11.
LaTeX Font Info:    ... okay on input line 11.
LaTeX Font Info:    Checking defaults for T1/cmr/m/n on input line 11.
LaTeX Font Info:    ... okay on input line 11.
LaTeX Font Info:    Checking defaults for TS1/cmr/m/n on input line 11.
LaTeX Font Info:    ... okay on input line 11.
LaTeX Font Info:    Checking defaults for OMX/cmex/m/n on input line 11.
LaTeX Font Info:    ... okay on input line 11.
LaTeX Font Info:    Checking defaults for U/cmr/m/n on input line 11.
LaTeX Font Info:    ... okay on input line 11.

(/usr/share/texmf-dist/tex/context/base/mkii/supp-pdf.mkii
[Loading MPS to PDF converter (version 2006.09.02).]
\scratchcounter=\count274
\scratchdimen=\dimen155
\scratchbox=\box54
\nofMPsegments=\count275
\nofMParguments=\count276
\everyMPshowfont=\toks20
\MPscratchCnt=\count277
\MPscratchDim=\dimen156
\MPnumerator=\count278
\makeMPintoPDFobject=\count279
\everyMPtoPDFconversion=\toks21
) (/usr/share/texmf-dist/tex/latex/epstopdf-pkg/epstopdf-base.sty
Package: epstopdf-base 2020-01-24 v2.11 Base part for package epstopdf
Package epstopdf-base Info: Redefining graphics rule for `.eps' on input line 4
85.

(/usr/share/texmf-dist/tex/latex/latexconfig/epstopdf-sys.cfg
File: epstopdf-sys.cfg 2010/07/13 v1.3 Configuration of (r)epstopdf for TeX Liv
e
))
\c@lstlisting=\count280

*geometry* driver: auto-detecting
*geometry* detected driver: pdftex
*geometry* verbose mode - [ preamble ] result:
* driver: pdftex
* paper: <default>
* layout: <same size as paper>
* layoutoffset:(h,v)=(0.0pt,0.0pt)
* modes: 
* h-part:(L,W,R)=(72.26999pt, 469.75502pt, 72.26999pt)
* v-part:(T,H,B)=(72.26999pt, 650.43001pt, 72.26999pt)
* \paperwidth=614.295pt
* \paperheight=794.96999pt
* \textwidth=469.75502pt
* \textheight=650.43001pt
* \oddsidemargin=0.0pt
* \evensidemargin=0.0pt
* \topmargin=-37.0pt
* \headheight=12.0pt
* \headsep=25.0pt
* \topskip=10.0pt
* \footskip=30.0pt
* \marginparwidth=65.0pt
* \marginparsep=11.0pt
* \columnsep=10.0pt
* \skip\footins=9.0pt plus 4.0pt minus 2.0pt
* \hoffset=0.0pt
* \voffset=0.0pt
* \mag=1000
* \@twocolumnfalse
* \@twosidefalse
* \@mparswitchfalse
* \@reversemarginfalse
* (1in=72.27pt=25.4mm, 1cm=28.453pt)

LaTeX Font Info:    External font `cmex10' loaded for size
(Font)              <12> on input line 13.
LaTeX Font Info:    External font `cmex10' loaded for size
(Font)              <8> on input line 13.
LaTeX Font Info:    External font `cmex10' loaded for size
(Font)              <6> on input line 13.
<images/l9-lq.png, id=1, 656.4525pt x 606.76688pt>
File: images/l9-lq.png Graphic file (type png)
<use images/l9-lq.png>
Package pdftex.def Info: images/l9-lq.png  used on input line 19.
(pdftex.def)             Requested size: 426.79134pt x 394.49564pt.
LaTeX Font Info:    External font `cmex10' loaded for size
(Font)              <7> on input line 23.
LaTeX Font Info:    External font `cmex10' loaded for size
(Font)              <5> on input line 23.
[1

{/var/lib/texmf/fonts/map/pdftex/updmap/pdftex.map} <./images/l9-lq.png (PNG co
py)>]
<images/l9-quiz.png, id=13, 1154.81438pt x 657.95813pt>
File: images/l9-quiz.png Graphic file (type png)
<use images/l9-quiz.png>
Package pdftex.def Info: images/l9-quiz.png  used on input line 44.
(pdftex.def)             Requested size: 426.79134pt x 243.16963pt.
<images/l9-pbq.png, id=14, 705.38531pt x 346.29375pt>
File: images/l9-pbq.png Graphic file (type png)
<use images/l9-pbq.png>
Package pdftex.def Info: images/l9-pbq.png  used on input line 62.
(pdftex.def)             Requested size: 426.79134pt x 209.52156pt.
 [2 <./images/l9-quiz.png (PNG copy)>]
<images/l9-pbq-fbd.png, id=18, 1860.9525pt x 896.34875pt>
File: images/l9-pbq-fbd.png Graphic file (type png)
<use images/l9-pbq-fbd.png>
Package pdftex.def Info: images/l9-pbq-fbd.png  used on input line 66.
(pdftex.def)             Requested size: 426.79134pt x 205.56775pt.

(/usr/share/texmf-dist/tex/latex/listings/lstlang1.sty
File: lstlang1.sty 2024/02/21 1.10 listings language file
)
<images/l9-pbq-o.png, id=20, 461.47406pt x 30.86531pt>
File: images/l9-pbq-o.png Graphic file (type png)
<use images/l9-pbq-o.png>
Package pdftex.def Info: images/l9-pbq-o.png  used on input line 87.
(pdftex.def)             Requested size: 341.43306pt x 22.83618pt.
<images/l10-lq.png, id=21, 686.565pt x 328.22626pt>
File: images/l10-lq.png Graphic file (type png)
<use images/l10-lq.png>
Package pdftex.def Info: images/l10-lq.png  used on input line 93.
(pdftex.def)             Requested size: 426.79134pt x 204.03406pt.
 [3{/usr/share/texmf-dist/fonts/enc/dvips/cm-super/cm-super-ts1.enc} <./images/
l9-pbq.png (PNG copy)> <./images/l9-pbq-fbd.png> <./images/l9-pbq-o.png (PNG co
py)>]
<images/l10-lq-o.png, id=27, 156.585pt x 75.28125pt>
File: images/l10-lq-o.png Graphic file (type png)
<use images/l10-lq-o.png>
Package pdftex.def Info: images/l10-lq-o.png  used on input line 116.
(pdftex.def)             Requested size: 227.62204pt x 109.43758pt.
<images/l10-quiz.png, id=28, 1243.64626pt x 551.05875pt>
File: images/l10-quiz.png Graphic file (type png)
<use images/l10-quiz.png>
Package pdftex.def Info: images/l10-quiz.png  used on input line 122.
(pdftex.def)             Requested size: 426.79134pt x 189.10645pt.
 [4 <./images/l10-lq.png (PNG copy)> <./images/l10-lq-o.png (PNG copy)>]
<images/l10-quiz-o.png, id=33, 171.64125pt x 63.98906pt>
File: images/l10-quiz-o.png Graphic file (type png)
<use images/l10-quiz-o.png>
Package pdftex.def Info: images/l10-quiz-o.png  used on input line 140.
(pdftex.def)             Requested size: 227.62204pt x 84.8583pt.
<images/l10-pbq1.png, id=34, 880.03781pt x 97.86563pt>
File: images/l10-pbq1.png Graphic file (type png)
<use images/l10-pbq1.png>
Package pdftex.def Info: images/l10-pbq1.png  used on input line 150.
(pdftex.def)             Requested size: 426.79134pt x 47.46178pt.
<images/l10-pbq2.png, id=35, 577.40718pt x 572.1375pt>
File: images/l10-pbq2.png Graphic file (type png)
<use images/l10-pbq2.png>
Package pdftex.def Info: images/l10-pbq2.png  used on input line 152.
(pdftex.def)             Requested size: 426.79134pt x 422.91241pt.
 [5 <./images/l10-quiz.png (PNG copy)> <./images/l10-quiz-o.png (PNG copy)> <./
images/l10-pbq1.png (PNG copy)>]
LaTeX Font Info:    Trying to load font information for OML+cmr on input line 1
64.
 (/usr/share/texmf-dist/tex/latex/base/omlcmr.fd
File: omlcmr.fd 2023/04/13 v2.5m Standard LaTeX font definitions
)
LaTeX Font Info:    Font shape `OML/cmr/m/n' in size <10> not available
(Font)              Font shape `OML/cmm/m/it' tried instead on input line 164.
<images/l10-pbq-o.png, id=39, 209.28188pt x 79.79813pt>
File: images/l10-pbq-o.png Graphic file (type png)
<use images/l10-pbq-o.png>
Package pdftex.def Info: images/l10-pbq-o.png  used on input line 178.
(pdftex.def)             Requested size: 227.62204pt x 86.7907pt.
 [6 <./images/l10-pbq2.png (PNG copy)>]
<images/l11-lq.png, id=44, 1229.34282pt x 328.22626pt>
File: images/l11-lq.png Graphic file (type png)
<use images/l11-lq.png>
Package pdftex.def Info: images/l11-lq.png  used on input line 186.
(pdftex.def)             Requested size: 426.79134pt x 113.94936pt.
<images/l11-lq-o.png, id=45, 258.21469pt x 60.225pt>
File: images/l11-lq-o.png Graphic file (type png)
<use images/l11-lq-o.png>
Package pdftex.def Info: images/l11-lq-o.png  used on input line 214.
(pdftex.def)             Requested size: 227.62204pt x 53.09187pt.
<images/l11-quiz.png, id=46, 709.14937pt x 371.88937pt>
File: images/l11-quiz.png Graphic file (type png)
<use images/l11-quiz.png>
Package pdftex.def Info: images/l11-quiz.png  used on input line 220.
(pdftex.def)             Requested size: 426.79134pt x 223.82196pt.
 [7 <./images/l10-pbq-o.png (PNG copy)> <./images/l11-lq.png (PNG copy)> <./ima
ges/l11-lq-o.png (PNG copy)>]
<images/l11-pbq.png, id=51, 533.74406pt x 294.34969pt>
File: images/l11-pbq.png Graphic file (type png)
<use images/l11-pbq.png>
Package pdftex.def Info: images/l11-pbq.png  used on input line 232.
(pdftex.def)             Requested size: 426.79134pt x 235.37675pt.
 [8 <./images/l11-quiz.png (PNG copy)> <./images/l11-pbq.png (PNG copy)>]
<images/l11-pbq-o.png, id=57, 345.54094pt x 135.50626pt>
File: images/l11-pbq-o.png Graphic file (type png)
<use images/l11-pbq-o.png>
Package pdftex.def Info: images/l11-pbq-o.png  used on input line 254.
(pdftex.def)             Requested size: 227.62204pt x 89.26483pt.
 [9 <./images/l11-pbq-o.png (PNG copy)>]
(./Lab3.aux)
 ***********
LaTeX2e <2023-11-01> patch level 1
L3 programming layer <2024-02-20>
 ***********
 ) 
Here is how much of TeX's memory you used:
 4295 strings out of 476076
 62203 string characters out of 5793775
 1944187 words of memory out of 5000000
 26408 multiletter control sequences out of 15000+600000
 563005 words of font info for 52 fonts, out of 8000000 for 9000
 14 hyphenation exceptions out of 8191
 57i,6n,65p,445b,1622s stack positions out of 10000i,1000n,20000p,200000b,200000s
</usr/share/texmf-dist/fonts/type1/public/amsfonts/cm/cmbx10.pfb></usr/share/
texmf-dist/fonts/type1/public/amsfonts/cm/cmbx12.pfb></usr/share/texmf-dist/fon
ts/type1/public/amsfonts/cm/cmex10.pfb></usr/share/texmf-dist/fonts/type1/publi
c/amsfonts/cm/cmmi10.pfb></usr/share/texmf-dist/fonts/type1/public/amsfonts/cm/
cmmi7.pfb></usr/share/texmf-dist/fonts/type1/public/amsfonts/cm/cmr10.pfb></usr
/share/texmf-dist/fonts/type1/public/amsfonts/cm/cmr12.pfb></usr/share/texmf-di
st/fonts/type1/public/amsfonts/cm/cmr17.pfb></usr/share/texmf-dist/fonts/type1/
public/amsfonts/cm/cmsy10.pfb></usr/share/texmf-dist/fonts/type1/public/amsfont
s/cm/cmti10.pfb></usr/share/texmf-dist/fonts/type1/public/cm-super/sfrm1000.pfb
>
Output written on Lab3.pdf (9 pages, 2097604 bytes).
PDF statistics:
 109 PDF objects out of 1000 (max. 8388607)
 57 compressed objects within 1 object stream
 0 named destinations out of 1000 (max. 500000)
 86 words of extra memory for PDF output out of 10000 (max. 10000000)

